<?xml version="1.0" encoding="UTF-8"?>
<!-- Generated by org.testng.reporters.JUnitXMLReporter -->
<testsuite ignored="0" hostname="Bhagya" failures="1" tests="1" name="Default test(failed)" time="0.084" errors="0" timestamp="2026-08-19T14:17:49 IST">
  <testcase classname="Listener_Utility.retry" name="retry_ana" time="0.024">
    <failure type="java.lang.NullPointerException" message="Cannot invoke &amp;quot;org.openqa.selenium.WebDriver.getTitle()&amp;quot; because &amp;quot;Listener_Utility.BaseClass.sdriver&amp;quot; is null">
      <![CDATA[java.lang.NullPointerException: Cannot invoke "org.openqa.selenium.WebDriver.getTitle()" because "Listener_Utility.BaseClass.sdriver" is null
at Listener_Utility.retry.retry_ana(retry.java:12)
at java.base/java.util.ArrayList.forEach(ArrayList.java:1596)
... Removed 25 stack frames]]>
    </failure>
  </testcase> <!-- retry_ana -->
</testsuite> <!-- Default test(failed) -->
