<?xml version="1.0" encoding="UTF-8"?>
<!-- Generated by org.testng.reporters.JUnitReportReporter -->
<testsuite hostname="Bhagya" failures="0" tests="6" name="Listener_Utility.CreateInvoice" time="0.039" errors="1" timestamp="2026-08-19T14:25:57 IST" skipped="5">
  <testcase classname="Listener_Utility.CreateInvoice" name="Create_Invoice" time="0.027">
    <skipped/>
  </testcase> <!-- Create_Invoice -->
  <testcase classname="Listener_Utility.CreateInvoice" name="Create_Invoice" time="0.003">
    <skipped/>
  </testcase> <!-- Create_Invoice -->
  <testcase classname="Listener_Utility.CreateInvoice" name="Create_Invoice" time="0.001">
    <error message="Cannot invoke &quot;org.openqa.selenium.WebDriver.getTitle()&quot; because &quot;Listener_Utility.BaseClass.sdriver&quot; is null" type="java.lang.NullPointerException">
      <![CDATA[java.lang.NullPointerException: Cannot invoke "org.openqa.selenium.WebDriver.getTitle()" because "Listener_Utility.BaseClass.sdriver" is null
at Listener_Utility.CreateInvoice.Create_Invoice(CreateInvoice.java:13)
at java.base/jdk.internal.reflect.DirectMethodHandleAccessor.invoke(DirectMethodHandleAccessor.java:103)
at java.base/java.lang.reflect.Method.invoke(Method.java:580)
at org.testng.internal.invokers.MethodInvocationHelper.invokeMethod(MethodInvocationHelper.java:141)
at org.testng.internal.invokers.TestInvoker.invokeMethod(TestInvoker.java:687)
at org.testng.internal.invokers.TestInvoker.retryFailed(TestInvoker.java:269)
at org.testng.internal.invokers.MethodRunner.runInSequence(MethodRunner.java:76)
at org.testng.internal.invokers.TestInvoker$MethodInvocationAgent.invoke(TestInvoker.java:995)
at org.testng.internal.invokers.TestInvoker.invokeTestMethods(TestInvoker.java:203)
at org.testng.internal.invokers.TestMethodWorker.invokeTestMethods(TestMethodWorker.java:154)
at org.testng.internal.invokers.TestMethodWorker.run(TestMethodWorker.java:134)
at java.base/java.util.ArrayList.forEach(ArrayList.java:1596)
at org.testng.TestRunner.privateRun(TestRunner.java:741)
at org.testng.TestRunner.run(TestRunner.java:616)
at org.testng.SuiteRunner.runTest(SuiteRunner.java:421)
at org.testng.SuiteRunner.runSequentially(SuiteRunner.java:413)
at org.testng.SuiteRunner.privateRun(SuiteRunner.java:373)
at org.testng.SuiteRunner.run(SuiteRunner.java:312)
at org.testng.SuiteRunnerWorker.runSuite(SuiteRunnerWorker.java:52)
at org.testng.SuiteRunnerWorker.run(SuiteRunnerWorker.java:95)
at org.testng.TestNG.runSuitesSequentially(TestNG.java:1274)
at org.testng.TestNG.runSuitesLocally(TestNG.java:1208)
at org.testng.TestNG.runSuites(TestNG.java:1112)
at org.testng.TestNG.run(TestNG.java:1079)
at org.testng.remote.AbstractRemoteTestNG.run(AbstractRemoteTestNG.java:115)
at org.testng.remote.RemoteTestNG.initAndRun(RemoteTestNG.java:293)
at org.testng.remote.RemoteTestNG.main(RemoteTestNG.java:91)
]]>
    </error>
  </testcase> <!-- Create_Invoice -->
  <testcase classname="Listener_Utility.CreateInvoice" name="Create_Invoice" time="0.002">
    <skipped/>
  </testcase> <!-- Create_Invoice -->
  <testcase classname="Listener_Utility.CreateInvoice" name="Create_Invoice" time="0.003">
    <skipped/>
  </testcase> <!-- Create_Invoice -->
  <testcase classname="Listener_Utility.CreateInvoice" name="Create_Invoice" time="0.003">
    <skipped/>
  </testcase> <!-- Create_Invoice -->
</testsuite> <!-- Listener_Utility.CreateInvoice -->
