<?xml version="1.0" encoding="UTF-8"?>
<!-- Generated by org.testng.reporters.JUnitReportReporter -->
<testsuite hostname="Bhagya" failures="0" tests="3" name="TestNG.SampleTest" time="0.013" errors="0" timestamp="2026-08-10T11:31:19 IST" skipped="0">
  <testcase classname="TestNG.SampleTest" name="methodname" time="0.008"/>
  <testcase classname="TestNG.SampleTest" name="logout" time="0.003"/>
  <testcase classname="TestNG.SampleTest" name="home" time="0.002"/>
</testsuite> <!-- TestNG.SampleTest -->
