<?xml version="1.0" encoding="UTF-8"?>
<!-- Generated by org.testng.reporters.JUnitReportReporter -->
<testsuite hostname="Bhagya" failures="0" tests="1" name="testNG.TestNGdemo$TestNGdemo_1" time="0.007" errors="0" timestamp="2026-05-12T08:46:30 IST" skipped="0">
  <testcase classname="testNG.TestNGdemo$TestNGdemo_1" name="Demo" time="0.007">
    <system-out>
      <![CDATA[hi from TestNG]]>
    </system-out>
  </testcase> <!-- Demo -->
  <system-out>
    <![CDATA[hi from TestNG
hi from TestNG
hi from TestNG]]>
  </system-out>
</testsuite> <!-- testNG.TestNGdemo$TestNGdemo_1 -->
