<?xml version="1.0" encoding="UTF-8"?>
<!-- Generated by org.testng.reporters.JUnitReportReporter -->
<testsuite hostname="Bhagya" failures="0" tests="4" name="testNG.depends_On_Methods" time="0.020" errors="0" timestamp="2026-05-25T16:13:28 IST" skipped="0">
  <testcase classname="testNG.depends_On_Methods" name="AddToCart" time="0.002">
    <system-out>
      <![CDATA[AddToCart]]>
    </system-out>
  </testcase> <!-- AddToCart -->
  <testcase classname="testNG.depends_On_Methods" name="SearchProduct" time="0.003">
    <system-out>
      <![CDATA[SearchProduct]]>
    </system-out>
  </testcase> <!-- SearchProduct -->
  <testcase classname="testNG.depends_On_Methods" name="Logout" time="0.001">
    <system-out>
      <![CDATA[Logout]]>
    </system-out>
  </testcase> <!-- Logout -->
  <testcase classname="testNG.depends_On_Methods" name="Login" time="0.014">
    <system-out>
      <![CDATA[Login]]>
    </system-out>
  </testcase> <!-- Login -->
  <system-out>
    <![CDATA[Login
SearchProduct
AddToCart
Logout]]>
  </system-out>
</testsuite> <!-- testNG.depends_On_Methods -->
