<?xml version="1.0" encoding="UTF-8"?>
<!-- Generated by org.testng.reporters.JUnitReportReporter -->
<testsuite hostname="Bhagya" failures="0" tests="4" name="testNG.TestNGdemo" time="0.016" errors="0" timestamp="2026-07-31T12:48:46 IST" skipped="1">
  <testcase classname="testNG.TestNGdemo" name="Login" time="0.009">
    <system-out>
      <![CDATA[Login]]>
    </system-out>
  </testcase> <!-- Login -->
  <testcase classname="testNG.TestNGdemo" name="SearchProduct" time="0.005">
    <system-out>
      <![CDATA[SearchProduct]]>
    </system-out>
  </testcase> <!-- SearchProduct -->
  <testcase classname="testNG.TestNGdemo" name="Logout" time="0.002">
    <system-out>
      <![CDATA[Logout]]>
    </system-out>
  </testcase> <!-- Logout -->
  <testcase classname="testNG.TestNGdemo" name="AddToCart">
    <skipped/>
  </testcase> <!-- AddToCart -->
  <system-out>
    <![CDATA[Login
SearchProduct
Logout]]>
  </system-out>
</testsuite> <!-- testNG.TestNGdemo -->
