<?xml version="1.0" encoding="UTF-8"?>
<!-- Generated by org.testng.reporters.JUnitXMLReporter -->
<testsuite ignored="0" hostname="Bhagya" failures="1" tests="1" name="Default test(failed)(failed)" time="0.088" errors="0" timestamp="2026-08-19T14:21:04 IST">
  <testcase classname="Listener_Utility.retry" name="retry_ana" time="0.026">
    <failure type="java.lang.Error" message="Unresolved compilation problem: 
	The value for annotation attribute Test.retryAnalyzer must be a class literal
">
      <![CDATA[java.lang.Error: Unresolved compilation problem: 
The value for annotation attribute Test.retryAnalyzer must be a class literal

at Listener_Utility.retry.retry_ana(retry.java:10)
at java.base/java.util.ArrayList.forEach(ArrayList.java:1596)
... Removed 25 stack frames]]>
    </failure>
  </testcase> <!-- retry_ana -->
</testsuite> <!-- Default test(failed)(failed) -->
